Rendering to 1024x1024 image
Loaded data for 100000 circles from snow.par
Loaded scene with 100000 circles
Loaded data for 100000 circles from snow.par
Loaded scene with 100000 circles
---------------------------------------------------------
Initializing CUDA for CudaRenderer
Found 1 CUDA devices
Device 0: NVIDIA T4G
   SMs:        40
   Global mem: 14914 MB
   CUDA Cap:   7.5
---------------------------------------------------------

Running benchmark, 1 frames, beginning at frame 0 ...
Dumping frames to logs/output_xxx.ppm

 in circle batch loop 
 
 in circle batch loop 
 
 in circle batch loop 
 
 in circle batch loop 
 
 in circle batch loop 
 
 in circle batch loop 
 
 in circle batch loop 
 
 in circle batch loop 
 
 in circle batch loop 
 
 in circle batch loop 
 Copying image data from device
Wrote image file logs/output_0000.ppm
Copying image data from device
***************** Correctness check passed **************************
Clear:    0.1361 ms
Advance:  0.0021 ms
Render:   356.3295 ms
Total:    356.4678 ms
File IO:  92.8325 ms

Overall:  0.8344 sec (note units are seconds)
